[debug] [2025-01-26T16:41:16.713Z] ----------------------------------------------------------------------
[debug] [2025-01-26T16:41:16.720Z] Command:       C:\Program Files\nodejs\node.exe C:\Program Files\nodejs\node_modules\firebase-tools\lib\bin\firebase.js init
[debug] [2025-01-26T16:41:16.720Z] CLI Version:   13.29.2
[debug] [2025-01-26T16:41:16.720Z] Platform:      win32
[debug] [2025-01-26T16:41:16.721Z] Node Version:  v23.5.0
[debug] [2025-01-26T16:41:16.721Z] Time:          Sun Jan 26 2025 17:41:16 GMT+0100 (Midden-Europese standaardtijd)
[debug] [2025-01-26T16:41:16.721Z] ----------------------------------------------------------------------
[debug] 
[debug] [2025-01-26T16:41:16.742Z] >>> [apiv2][query] GET https://firebase-public.firebaseio.com/cli.json [none]
[debug] [2025-01-26T16:41:16.816Z] > command requires scopes: ["email","openid","https://www.googleapis.com/auth/cloudplatformprojects.readonly","https://www.googleapis.com/auth/firebase","https://www.googleapis.com/auth/cloud-platform"]
[debug] [2025-01-26T16:41:16.816Z] > authorizing via signed-in user (ronald.eijsden@gmail.com)
[info] 
     ######## #### ########  ######## ########     ###     ######  ########
     ##        ##  ##     ## ##       ##     ##  ##   ##  ##       ##
     ######    ##  ########  ######   ########  #########  ######  ######
     ##        ##  ##    ##  ##       ##     ## ##     ##       ## ##
     ##       #### ##     ## ######## ########  ##     ##  ######  ########

You're about to initialize a Firebase project in this directory:

  F:\Development\React\todo-app\react-todo

[debug] [2025-01-26T16:41:17.122Z] <<< [apiv2][status] GET https://firebase-public.firebaseio.com/cli.json 200
[debug] [2025-01-26T16:41:17.122Z] <<< [apiv2][body] GET https://firebase-public.firebaseio.com/cli.json {"cloudBuildErrorAfter":1594252800000,"cloudBuildWarnAfter":1590019200000,"defaultNode10After":1594252800000,"minVersion":"3.0.5","node8DeploysDisabledAfter":1613390400000,"node8RuntimeDisabledAfter":1615809600000,"node8WarnAfter":1600128000000}
[info] 
=== Project Setup
[info] 
[info] First, let's associate this project directory with a Firebase project.
[info] You can create multiple project aliases by running firebase use --add, 
[info] but for now we'll just set up a default project.
[info] 
[debug] [2025-01-26T16:42:19.767Z] Checked if tokens are valid: false, expires at: 1615122994809
[debug] [2025-01-26T16:42:19.767Z] Checked if tokens are valid: false, expires at: 1615122994809
[debug] [2025-01-26T16:42:19.767Z] > refreshing access token with scopes: []
[debug] [2025-01-26T16:42:19.769Z] >>> [apiv2][query] POST https://www.googleapis.com/oauth2/v3/token [none]
[debug] [2025-01-26T16:42:19.769Z] >>> [apiv2][body] POST https://www.googleapis.com/oauth2/v3/token [omitted]
[debug] [2025-01-26T16:42:19.840Z] <<< [apiv2][status] POST https://www.googleapis.com/oauth2/v3/token 400
[debug] [2025-01-26T16:42:19.840Z] <<< [apiv2][body] POST https://www.googleapis.com/oauth2/v3/token [omitted]
[debug] [2025-01-26T16:42:19.840Z] >>> [apiv2][query] GET https://firebase.googleapis.com/v1beta1/projects pageSize=100
[debug] [2025-01-26T16:42:19.908Z] <<< [apiv2][status] GET https://firebase.googleapis.com/v1beta1/projects 401
[debug] [2025-01-26T16:42:19.908Z] <<< [apiv2][body] GET https://firebase.googleapis.com/v1beta1/projects [omitted]
[debug] [2025-01-26T16:42:19.908Z] Got a 401 Unauthenticated error for a call that required authentication. Refreshing tokens.
[debug] [2025-01-26T16:42:19.908Z] Checked if tokens are valid: false, expires at: 1615122994809
[debug] [2025-01-26T16:42:19.908Z] Checked if tokens are valid: false, expires at: 1615122994809
[debug] [2025-01-26T16:42:19.908Z] > refreshing access token with scopes: []
[debug] [2025-01-26T16:42:19.909Z] >>> [apiv2][query] POST https://www.googleapis.com/oauth2/v3/token [none]
[debug] [2025-01-26T16:42:19.909Z] >>> [apiv2][body] POST https://www.googleapis.com/oauth2/v3/token [omitted]
[debug] [2025-01-26T16:42:19.940Z] <<< [apiv2][status] POST https://www.googleapis.com/oauth2/v3/token 400
[debug] [2025-01-26T16:42:19.940Z] <<< [apiv2][body] POST https://www.googleapis.com/oauth2/v3/token [omitted]
[debug] [2025-01-26T16:42:19.941Z] Request to https://firebase.googleapis.com/v1beta1/projects?pageSize=100 had HTTP Error: 401, Request had invalid authentication credentials. Expected OAuth 2 access token, login cookie or other valid authentication credential. See https://developers.google.com/identity/sign-in/web/devconsole-project.
[debug] [2025-01-26T16:42:19.944Z] FirebaseError: Request to https://firebase.googleapis.com/v1beta1/projects?pageSize=100 had HTTP Error: 401, Request had invalid authentication credentials. Expected OAuth 2 access token, login cookie or other valid authentication credential. See https://developers.google.com/identity/sign-in/web/devconsole-project.
    at responseToError (C:\Users\ProDesk\AppData\Roaming\nvm\v23.5.0\node_modules\firebase-tools\lib\responseToError.js:52:12)
    at RetryOperation._fn (C:\Users\ProDesk\AppData\Roaming\nvm\v23.5.0\node_modules\firebase-tools\lib\apiv2.js:312:77)
    at process.processTicksAndRejections (node:internal/process/task_queues:105:5)
[error] 
[error] Error: Failed to list Firebase projects. See firebase-debug.log for more info.
